Broadcast Socket 2 Started
Turn usage status of Socket 2 is on
Audiance Socket 0 trying to receive stream
    Mozilla/5.0 (Windows NT 10.0; Win64; x64) AppleWebKit/537.36 (KHTML, like Gecko) Chrome/95.0.4638.69 Safari/537.36
Audiance Socket 0 is going to get connected
Audiance Socket 0 is starting to connect to Socket 2
Turn usage status of Socket 0 is on
Audiance Socket 1 trying to receive stream
    Mozilla/5.0 (Windows NT 10.0; Win64; x64) AppleWebKit/537.36 (KHTML, like Gecko) Chrome/95.0.4638.69 Safari/537.36
Audiance Socket 1 is going to get connected
Audiance Socket 1 is starting to connect to Socket 2
Turn usage status of Socket 1 is on
Audiance Socket 0 is receiving stream!
Audiance Socket 0 client log :
    ontrack from Socket 2
Audiance Socket 0 client log :
    oniceconnectionstatechange :checking
Audiance Socket 1 is receiving stream!
Audiance Socket 1 client log :
    ontrack from Socket 2
Audiance Socket 0 client log :
    oniceconnectionstatechange :connected
Audiance Socket 1 client log :
    oniceconnectionstatechange :checking
Audiance Socket 2 client log :
    oniceconnectionstatechange :new
Audiance Socket 1 client log :
    oniceconnectionstatechange :connected
Audiance Socket 2 client log :
    oniceconnectionstatechange :checking
Audiance Socket 2 client log :
    onicecandidateerror :{"isTrusted":true}
Audiance Socket 2 client log :
    onicecandidateerror :{"isTrusted":true}
Audiance Socket 2 client log :
    onicecandidateerror :{"isTrusted":true}
Audiance Socket 2 client log :
    onicecandidateerror :{"isTrusted":true}
Audiance Socket 2 client log :
    onicecandidateerror :{"isTrusted":true}
Audiance Socket 0 client log :
    onicecandidateerror :{"isTrusted":true}
Audiance Socket 2 client log :
    onicecandidateerror :{"isTrusted":true}
Audiance Socket 0 client log :
    onicecandidateerror :{"isTrusted":true}
Audiance Socket 0 client log :
    onicecandidateerror :{"isTrusted":true}
Audiance Socket 2 client log :
    onicecandidateerror :{"isTrusted":true}
Audiance Socket 0 client log :
    onicecandidateerror :{"isTrusted":true}
Audiance Socket 2 client log :
    onicecandidateerror :{"isTrusted":true}
Audiance Socket 2 client log :
    onicecandidateerror :{"isTrusted":true}
Audiance Socket 0 client log :
    onicecandidateerror :{"isTrusted":true}
Audiance Socket 2 client log :
    onicecandidateerror :{"isTrusted":true}
Audiance Socket 2 client log :
    onicecandidateerror :{"isTrusted":true}
Audiance Socket 0 client log :
    onicecandidateerror :{"isTrusted":true}
Audiance Socket 2 client log :
    onicecandidateerror :{"isTrusted":true}
Audiance Socket 2 client log :
    onicecandidateerror :{"isTrusted":true}
Audiance Socket 2 client log :
    onicecandidateerror :{"isTrusted":true}
Audiance Socket 2 client log :
    onicecandidateerror :{"isTrusted":true}
Audiance Socket 2 client log :
    onicecandidateerror :{"isTrusted":true}
Audiance Socket 2 client log :
    onicecandidateerror :{"isTrusted":true}
Audiance Socket 2 client log :
    onicecandidateerror :{"isTrusted":true}
Audiance Socket 2 client log :
    onicecandidateerror :{"isTrusted":true}
Audiance Socket 2 client log :
    onicecandidateerror :{"isTrusted":true}
Audiance Socket 2 client log :
    onicecandidateerror :{"isTrusted":true}
Audiance Socket 2 client log :
    onicecandidateerror :{"isTrusted":true}
Audiance Socket 2 client log :
    onicecandidateerror :{"isTrusted":true}
Audiance Socket 2 client log :
    onicecandidateerror :{"isTrusted":true}
Audiance Socket 2 client log :
    onicecandidateerror :{"isTrusted":true}
Audiance Socket 2 client log :
    onicecandidateerror :{"isTrusted":true}
Audiance Socket 2 client log :
    onicecandidateerror :{"isTrusted":true}
Audiance Socket 2 client log :
    onicecandidateerror :{"isTrusted":true}
Audiance Socket 2 client log :
    onicecandidateerror :{"isTrusted":true}
Audiance Socket 2 client log :
    onicecandidateerror :{"isTrusted":true}
Audiance Socket 2 client log :
    onicecandidateerror :{"isTrusted":true}
Audiance Socket 2 client log :
    onicecandidateerror :{"isTrusted":true}
Audiance Socket 2 client log :
    onicecandidateerror :{"isTrusted":true}
Audiance Socket 2 client log :
    onicecandidateerror :{"isTrusted":true}
Audiance Socket 2 client log :
    onicecandidateerror :{"isTrusted":true}
Audiance Socket 2 client log :
    onicecandidateerror :{"isTrusted":true}
Audiance Socket 2 client log :
    onicecandidateerror :{"isTrusted":true}
Audiance Socket 2 client log :
    onicecandidateerror :{"isTrusted":true}
Audiance Socket 2 client log :
    onicecandidateerror :{"isTrusted":true}
Audiance Socket 0 client log :
    onicecandidateerror :{"isTrusted":true}
Audiance Socket 0 client log :
    onicecandidateerror :{"isTrusted":true}
Audiance Socket 0 client log :
    onicecandidateerror :{"isTrusted":true}
Audiance Socket 0 client log :
    onicecandidateerror :{"isTrusted":true}
Audiance Socket 0 client log :
    onicecandidateerror :{"isTrusted":true}
Audiance Socket 0 client log :
    onicecandidateerror :{"isTrusted":true}
Audiance Socket 0 client log :
    onicecandidateerror :{"isTrusted":true}
Audiance Socket 2 client log :
    onicecandidateerror :{"isTrusted":true}
Audiance Socket 2 client log :
    onicecandidateerror :{"isTrusted":true}
Audiance Socket 2 client log :
    onicecandidateerror :{"isTrusted":true}
Audiance Socket 0 client log :
    onicecandidateerror :{"isTrusted":true}
Audiance Socket 0 client log :
    onicecandidateerror :{"isTrusted":true}
Audiance Socket 2 client log :
    onicecandidateerror :{"isTrusted":true}
Audiance Socket 2 client log :
    onicecandidateerror :{"isTrusted":true}
Audiance Socket 2 client log :
    onicecandidateerror :{"isTrusted":true}
Audiance Socket 1 client log :
    onicecandidateerror :{"isTrusted":true}
Audiance Socket 1 client log :
    onicecandidateerror :{"isTrusted":true}
Audiance Socket 1 client log :
    onicecandidateerror :{"isTrusted":true}
Audiance Socket 1 client log :
    onicecandidateerror :{"isTrusted":true}
Audiance Socket 1 client log :
    onicecandidateerror :{"isTrusted":true}
Audiance Socket 1 client log :
    onicecandidateerror :{"isTrusted":true}
Audiance Socket 1 client log :
    onicecandidateerror :{"isTrusted":true}
