Audiance Mehrdad1 trying to receive stream
    Mozilla/5.0 (X11; Linux x86_64) AppleWebKit/537.36 (KHTML, like Gecko) Chrome/101.0.4951.54 Safari/537.36
Audiance Mehrdad1 is going to get connected
Audiance Mehrdad1 is starting to connect to Mehrdad1
Audiance Mehrdad1 is receiving stream!
Audiance Mehrdad1 trying to receive stream
    Mozilla/5.0 (X11; Linux x86_64) AppleWebKit/537.36 (KHTML, like Gecko) Chrome/101.0.4951.54 Safari/537.36
Audiance Mehrdad1 is going to get connected
Audiance Mehrdad1 is starting to connect to Mehrdad1
Audiance Mehrdad1 is receiving stream!
Audiance ff trying to receive stream
    Mozilla/5.0 (X11; Ubuntu; Linux x86_64; rv:99.0) Gecko/20100101 Firefox/99.0
Audiance ff is going to get connected
Audiance ff is starting to connect to Mehrdad1
Audiance ff is receiving stream!
Audiance Mehrdad1 trying to receive stream
    Mozilla/5.0 (X11; Linux x86_64) AppleWebKit/537.36 (KHTML, like Gecko) Chrome/101.0.4951.54 Safari/537.36
Audiance Mehrdad1 could not receive stream because there is no broadcaster now!
Audiance Mehrdad1 trying to receive stream
    Mozilla/5.0 (X11; Linux x86_64) AppleWebKit/537.36 (KHTML, like Gecko) Chrome/101.0.4951.54 Safari/537.36
Audiance Mehrdad1 could not receive stream because there is no broadcaster now!
Audiance Mehrdad1 trying to receive stream
    Mozilla/5.0 (X11; Linux x86_64) AppleWebKit/537.36 (KHTML, like Gecko) Chrome/101.0.4951.54 Safari/537.36
Audiance Mehrdad1 could not receive stream because there is no broadcaster now!
Audiance Mehrdad1 trying to receive stream
    Mozilla/5.0 (X11; Linux x86_64) AppleWebKit/537.36 (KHTML, like Gecko) Chrome/101.0.4951.54 Safari/537.36
Audiance Mehrdad1 could not receive stream because there is no broadcaster now!
Audiance Mehrdad1 trying to receive stream
    Mozilla/5.0 (X11; Linux x86_64) AppleWebKit/537.36 (KHTML, like Gecko) Chrome/101.0.4951.54 Safari/537.36
Audiance Mehrdad1 could not receive stream because there is no broadcaster now!
Audiance Mehrdad1 trying to receive stream
    Mozilla/5.0 (X11; Linux x86_64) AppleWebKit/537.36 (KHTML, like Gecko) Chrome/101.0.4951.54 Safari/537.36
Audiance Mehrdad1 could not receive stream because there is no broadcaster now!
Audiance Mehrdad1 trying to receive stream
    Mozilla/5.0 (X11; Linux x86_64) AppleWebKit/537.36 (KHTML, like Gecko) Chrome/101.0.4951.54 Safari/537.36
Audiance Mehrdad1 could not receive stream because there is no broadcaster now!
Audiance Mehrdad1 trying to receive stream
    Mozilla/5.0 (X11; Linux x86_64) AppleWebKit/537.36 (KHTML, like Gecko) Chrome/101.0.4951.54 Safari/537.36
Audiance Mehrdad1 could not receive stream because there is no broadcaster now!
Audiance Mehrdad1 trying to receive stream
    Mozilla/5.0 (X11; Linux x86_64) AppleWebKit/537.36 (KHTML, like Gecko) Chrome/101.0.4951.54 Safari/537.36
Audiance Mehrdad1 could not receive stream because there is no broadcaster now!
Audiance Mehrdad1 trying to receive stream
    Mozilla/5.0 (X11; Linux x86_64) AppleWebKit/537.36 (KHTML, like Gecko) Chrome/101.0.4951.54 Safari/537.36
Audiance Mehrdad1 could not receive stream because there is no broadcaster now!
Audiance Mehrdad1 trying to receive stream
    Mozilla/5.0 (X11; Linux x86_64) AppleWebKit/537.36 (KHTML, like Gecko) Chrome/101.0.4951.54 Safari/537.36
Audiance Mehrdad1 could not receive stream because there is no broadcaster now!
Audiance Mehrdad1 trying to receive stream
    Mozilla/5.0 (X11; Linux x86_64) AppleWebKit/537.36 (KHTML, like Gecko) Chrome/101.0.4951.54 Safari/537.36
Audiance Mehrdad1 could not receive stream because there is no broadcaster now!
Audiance Mehrdad1 trying to receive stream
    Mozilla/5.0 (X11; Linux x86_64) AppleWebKit/537.36 (KHTML, like Gecko) Chrome/101.0.4951.54 Safari/537.36
Audiance Mehrdad1 could not receive stream because there is no broadcaster now!
Audiance Mehrdad1 trying to receive stream
    Mozilla/5.0 (X11; Linux x86_64) AppleWebKit/537.36 (KHTML, like Gecko) Chrome/101.0.4951.54 Safari/537.36
Audiance Mehrdad1 could not receive stream because there is no broadcaster now!
Audiance Mehrdad1 trying to receive stream
    Mozilla/5.0 (X11; Linux x86_64) AppleWebKit/537.36 (KHTML, like Gecko) Chrome/101.0.4951.54 Safari/537.36
Audiance Mehrdad1 could not receive stream because there is no broadcaster now!
Audiance Mehrdad1 trying to receive stream
    Mozilla/5.0 (X11; Linux x86_64) AppleWebKit/537.36 (KHTML, like Gecko) Chrome/101.0.4951.54 Safari/537.36
Audiance Mehrdad1 could not receive stream because there is no broadcaster now!
Audiance Mehrdad1 trying to receive stream
    Mozilla/5.0 (X11; Linux x86_64) AppleWebKit/537.36 (KHTML, like Gecko) Chrome/101.0.4951.54 Safari/537.36
Audiance Mehrdad1 could not receive stream because there is no broadcaster now!
Audiance Mehrdad1 trying to receive stream
    Mozilla/5.0 (X11; Linux x86_64) AppleWebKit/537.36 (KHTML, like Gecko) Chrome/101.0.4951.54 Safari/537.36
Audiance Mehrdad1 could not receive stream because there is no broadcaster now!
Audiance Mehrdad1 trying to receive stream
    Mozilla/5.0 (X11; Linux x86_64) AppleWebKit/537.36 (KHTML, like Gecko) Chrome/101.0.4951.54 Safari/537.36
Audiance Mehrdad1 could not receive stream because there is no broadcaster now!
Audiance Mehrdad1 trying to receive stream
    Mozilla/5.0 (X11; Linux x86_64) AppleWebKit/537.36 (KHTML, like Gecko) Chrome/101.0.4951.54 Safari/537.36
Audiance Mehrdad1 could not receive stream because there is no broadcaster now!
Audiance Mehrdad1 trying to receive stream
    Mozilla/5.0 (X11; Linux x86_64) AppleWebKit/537.36 (KHTML, like Gecko) Chrome/101.0.4951.54 Safari/537.36
Audiance Mehrdad1 could not receive stream because there is no broadcaster now!
Audiance Mehrdad1 trying to receive stream
    Mozilla/5.0 (X11; Linux x86_64) AppleWebKit/537.36 (KHTML, like Gecko) Chrome/101.0.4951.54 Safari/537.36
Audiance Mehrdad1 could not receive stream because there is no broadcaster now!
Audiance Mehrdad1 trying to receive stream
    Mozilla/5.0 (X11; Linux x86_64) AppleWebKit/537.36 (KHTML, like Gecko) Chrome/101.0.4951.54 Safari/537.36
Audiance Mehrdad1 could not receive stream because there is no broadcaster now!
Audiance Mehrdad1 trying to receive stream
    Mozilla/5.0 (X11; Linux x86_64) AppleWebKit/537.36 (KHTML, like Gecko) Chrome/101.0.4951.54 Safari/537.36
Audiance Mehrdad1 could not receive stream because there is no broadcaster now!
Audiance Mehrdad1 trying to receive stream
    Mozilla/5.0 (X11; Linux x86_64) AppleWebKit/537.36 (KHTML, like Gecko) Chrome/101.0.4951.54 Safari/537.36
Audiance Mehrdad1 could not receive stream because there is no broadcaster now!
Audiance Mehrdad1 trying to receive stream
    Mozilla/5.0 (X11; Linux x86_64) AppleWebKit/537.36 (KHTML, like Gecko) Chrome/101.0.4951.54 Safari/537.36
Audiance Mehrdad1 could not receive stream because there is no broadcaster now!
Audiance Mehrdad1 trying to receive stream
    Mozilla/5.0 (X11; Linux x86_64) AppleWebKit/537.36 (KHTML, like Gecko) Chrome/101.0.4951.54 Safari/537.36
Audiance Mehrdad1 could not receive stream because there is no broadcaster now!
Audiance Mehrdad1 trying to receive stream
    Mozilla/5.0 (X11; Linux x86_64) AppleWebKit/537.36 (KHTML, like Gecko) Chrome/101.0.4951.54 Safari/537.36
Audiance Mehrdad1 could not receive stream because there is no broadcaster now!
Audiance Mehrdad1 trying to receive stream
    Mozilla/5.0 (X11; Linux x86_64) AppleWebKit/537.36 (KHTML, like Gecko) Chrome/101.0.4951.54 Safari/537.36
Audiance Mehrdad1 could not receive stream because there is no broadcaster now!
Audiance Mehrdad1 trying to receive stream
    Mozilla/5.0 (X11; Linux x86_64) AppleWebKit/537.36 (KHTML, like Gecko) Chrome/101.0.4951.54 Safari/537.36
Audiance Mehrdad1 could not receive stream because there is no broadcaster now!
Audiance Mehrdad1 trying to receive stream
    Mozilla/5.0 (X11; Linux x86_64) AppleWebKit/537.36 (KHTML, like Gecko) Chrome/101.0.4951.54 Safari/537.36
Audiance Mehrdad1 could not receive stream because there is no broadcaster now!
Audiance Mehrdad1 trying to receive stream
    Mozilla/5.0 (X11; Linux x86_64) AppleWebKit/537.36 (KHTML, like Gecko) Chrome/101.0.4951.54 Safari/537.36
Audiance Mehrdad1 could not receive stream because there is no broadcaster now!
Audiance Mehrdad1 trying to receive stream
    Mozilla/5.0 (X11; Linux x86_64) AppleWebKit/537.36 (KHTML, like Gecko) Chrome/101.0.4951.54 Safari/537.36
Audiance Mehrdad1 could not receive stream because there is no broadcaster now!
Audiance Mehrdad1 trying to receive stream
    Mozilla/5.0 (X11; Linux x86_64) AppleWebKit/537.36 (KHTML, like Gecko) Chrome/101.0.4951.54 Safari/537.36
Audiance Mehrdad1 could not receive stream because there is no broadcaster now!
Audiance Mehrdad1 trying to receive stream
    Mozilla/5.0 (X11; Linux x86_64) AppleWebKit/537.36 (KHTML, like Gecko) Chrome/101.0.4951.54 Safari/537.36
Audiance Mehrdad1 could not receive stream because there is no broadcaster now!
Audiance Mehrdad1 trying to receive stream
    Mozilla/5.0 (X11; Linux x86_64) AppleWebKit/537.36 (KHTML, like Gecko) Chrome/101.0.4951.54 Safari/537.36
Audiance Mehrdad1 could not receive stream because there is no broadcaster now!
Audiance Mehrdad1 trying to receive stream
    Mozilla/5.0 (X11; Linux x86_64) AppleWebKit/537.36 (KHTML, like Gecko) Chrome/101.0.4951.54 Safari/537.36
Audiance Mehrdad1 could not receive stream because there is no broadcaster now!
Audiance Mehrdad1 trying to receive stream
    Mozilla/5.0 (X11; Linux x86_64) AppleWebKit/537.36 (KHTML, like Gecko) Chrome/101.0.4951.54 Safari/537.36
Audiance Mehrdad1 could not receive stream because there is no broadcaster now!
