Audiance ff trying to receive stream
    Mozilla/5.0 (X11; Ubuntu; Linux x86_64; rv:99.0) Gecko/20100101 Firefox/99.0
Audiance ff is going to get connected
Audiance ff is starting to connect to Mehrdad1
Audiance ff is receiving stream!
Audiance ff trying to receive stream
    Mozilla/5.0 (X11; Ubuntu; Linux x86_64; rv:99.0) Gecko/20100101 Firefox/99.0
Audiance ff could not receive stream because there is no broadcaster now!
Audiance ff trying to receive stream
    Mozilla/5.0 (X11; Ubuntu; Linux x86_64; rv:99.0) Gecko/20100101 Firefox/99.0
Audiance ff could not receive stream because there is no broadcaster now!
Audiance ff trying to receive stream
    Mozilla/5.0 (X11; Ubuntu; Linux x86_64; rv:99.0) Gecko/20100101 Firefox/99.0
Audiance ff could not receive stream because there is no broadcaster now!
Audiance ff trying to receive stream
    Mozilla/5.0 (X11; Ubuntu; Linux x86_64; rv:99.0) Gecko/20100101 Firefox/99.0
Audiance ff could not receive stream because there is no broadcaster now!
Audiance ff trying to receive stream
    Mozilla/5.0 (X11; Ubuntu; Linux x86_64; rv:99.0) Gecko/20100101 Firefox/99.0
Audiance ff could not receive stream because there is no broadcaster now!
Audiance ff trying to receive stream
    Mozilla/5.0 (X11; Ubuntu; Linux x86_64; rv:99.0) Gecko/20100101 Firefox/99.0
Audiance ff could not receive stream because there is no broadcaster now!
Audiance ff trying to receive stream
    Mozilla/5.0 (X11; Ubuntu; Linux x86_64; rv:99.0) Gecko/20100101 Firefox/99.0
Audiance ff could not receive stream because there is no broadcaster now!
Audiance ff trying to receive stream
    Mozilla/5.0 (X11; Ubuntu; Linux x86_64; rv:99.0) Gecko/20100101 Firefox/99.0
Audiance ff could not receive stream because there is no broadcaster now!
Audiance ff trying to receive stream
    Mozilla/5.0 (X11; Ubuntu; Linux x86_64; rv:99.0) Gecko/20100101 Firefox/99.0
Audiance ff could not receive stream because there is no broadcaster now!
Audiance ff trying to receive stream
    Mozilla/5.0 (X11; Ubuntu; Linux x86_64; rv:99.0) Gecko/20100101 Firefox/99.0
Audiance ff could not receive stream because there is no broadcaster now!
