Audiance Mehrdad1 trying to receive stream
    Mozilla/5.0 (X11; Linux x86_64) AppleWebKit/537.36 (KHTML, like Gecko) Chrome/100.0.4896.75 Safari/537.36
Audiance Mehrdad1 is going to get connected
Audiance Mehrdad1 is starting to connect to Mehrdad
Audiance Mehrdad1 is receiving stream!
Audiance Mehrdad2 trying to receive stream
    Mozilla/5.0 (X11; Linux x86_64) AppleWebKit/537.36 (KHTML, like Gecko) Chrome/100.0.4896.75 Safari/537.36
Audiance Mehrdad2 is going to get connected
Audiance Mehrdad2 is starting to connect to Mehrdad
Audiance Mehrdad2 is receiving stream!
Audiance Mehrdad1 trying to receive stream
    Mozilla/5.0 (X11; Linux x86_64) AppleWebKit/537.36 (KHTML, like Gecko) Chrome/100.0.4896.75 Safari/537.36
Audiance Mehrdad1 is going to get connected
Audiance Mehrdad1 is starting to connect to Mehrdad
Audiance Mehrdad1 is receiving stream!
Audiance Mehrdad1 trying to receive stream
    Mozilla/5.0 (X11; Linux x86_64) AppleWebKit/537.36 (KHTML, like Gecko) Chrome/100.0.4896.75 Safari/537.36
Audiance Mehrdad1 is going to get connected
Audiance Mehrdad1 is starting to connect to Mehrdad
Audiance Mehrdad1 is receiving stream!
