Audiance Mehrdad trying to receive stream
    Mozilla/5.0 (X11; Linux x86_64) AppleWebKit/537.36 (KHTML, like Gecko) Chrome/100.0.4896.127 Safari/537.36
Audiance Mehrdad is going to get connected
Audiance Mehrdad is starting to connect to Mehrdad
Audiance Mehrdad is receiving stream!
Audiance Mehrdad trying to receive stream
    Mozilla/5.0 (X11; Linux x86_64) AppleWebKit/537.36 (KHTML, like Gecko) Chrome/100.0.4896.127 Safari/537.36
Audiance Mehrdad is going to get connected
Audiance Mehrdad is starting to connect to Mehrdad
Audiance Mehrdad is receiving stream!
Audiance Mehrdad trying to receive stream
    Mozilla/5.0 (X11; Linux x86_64) AppleWebKit/537.36 (KHTML, like Gecko) Chrome/100.0.4896.127 Safari/537.36
Audiance Mehrdad is going to get connected
Audiance Mehrdad is starting to connect to Mehrdad
Audiance Mehrdad is receiving stream!
Audiance Mehrdad is receiving stream!
Audiance Mehrdad trying to receive stream
    Mozilla/5.0 (X11; Linux x86_64) AppleWebKit/537.36 (KHTML, like Gecko) Chrome/100.0.4896.127 Safari/537.36
Audiance Mehrdad is going to get connected
Audiance Mehrdad is starting to connect to Mehrdad
