Broadcast Socket 0 Started
Turn usage status of Socket 0 is on
Audiance Socket 1 trying to receive stream
    Mozilla/5.0 (Windows NT 10.0; Win64; x64) AppleWebKit/537.36 (KHTML, like Gecko) Chrome/95.0.4638.69 Safari/537.36
Audiance Socket 1 is going to get connected
Audiance Socket 1 is starting to connect to Socket 0
Turn usage status of Socket 2 is on
Audiance Socket 0 client log :
    onicecandidateerror :{"isTrusted":true}
Audiance Socket 0 client log :
    onicecandidateerror :{"isTrusted":true}
Audiance Socket 0 client log :
    onicecandidateerror :{"isTrusted":true}
Audiance Socket 0 client log :
    onicecandidateerror :{"isTrusted":true}
Audiance Socket 0 client log :
    onicecandidateerror :{"isTrusted":true}
Audiance Socket 0 client log :
    onicecandidateerror :{"isTrusted":true}
Audiance Socket 0 client log :
    onicecandidateerror :{"isTrusted":true}
Audiance Socket 0 client log :
    onicecandidateerror :{"isTrusted":true}
Audiance Socket 0 client log :
    onicecandidateerror :{"isTrusted":true}
Audiance Socket 0 client log :
    onicecandidateerror :{"isTrusted":true}
Audiance Socket 0 client log :
    onicecandidateerror :{"isTrusted":true}
Audiance Socket 0 client log :
    onicecandidateerror :{"isTrusted":true}
Audiance Socket 0 client log :
    onicecandidateerror :{"isTrusted":true}
Audiance Socket 0 client log :
    onicecandidateerror :{"isTrusted":true}
Audiance Socket 0 client log :
    onicecandidateerror :{"isTrusted":true}
Audiance Socket 0 client log :
    onicecandidateerror :{"isTrusted":true}
Audiance Socket 0 client log :
    onicecandidateerror :{"isTrusted":true}
Audiance Socket 0 client log :
    onicecandidateerror :{"isTrusted":true}
Audiance Socket 0 client log :
    onicecandidateerror :{"isTrusted":true}
Audiance Socket 0 client log :
    onicecandidateerror :{"isTrusted":true}
Audiance Socket 0 client log :
    onicecandidateerror :{"isTrusted":true}
Audiance Socket 0 client log :
    onicecandidateerror :{"isTrusted":true}
Audiance Socket 0 client log :
    onicecandidateerror :{"isTrusted":true}
Audiance Socket 0 client log :
    onicecandidateerror :{"isTrusted":true}
Audiance Socket 0 client log :
    onicecandidateerror :{"isTrusted":true}
Audiance Socket 0 client log :
    onicecandidateerror :{"isTrusted":true}
Audiance Socket 0 client log :
    onicecandidateerror :{"isTrusted":true}
Audiance Socket 0 client log :
    onicecandidateerror :{"isTrusted":true}
Audiance Socket 0 client log :
    onicecandidateerror :{"isTrusted":true}
Audiance Socket 0 client log :
    onicecandidateerror :{"isTrusted":true}
